{
  "RSpec": {
    "coverage": {
      "/Users/marinacorona/Turing/3Module/super-coders/app/controllers/application_controller.rb": [
        1,
        null,
        1,
        1,
        1,
        null,
        1,
        1,
        1,
        1,
        null,
        1,
        775,
        null,
        null,
        1,
        138,
        null,
        null,
        1,
        170,
        null,
        null,
        1,
        138,
        1,
        null,
        null,
        null,
        null
      ],
      "/Users/marinacorona/Turing/3Module/super-coders/lib/application_responder.rb": [
        1,
        1,
        1,
        null,
        null,
        null,
        null,
        null
      ],
      "/Users/marinacorona/Turing/3Module/super-coders/app/helpers/application_helper.rb": [
        1,
        null,
        1,
        104,
        56,
        null,
        48,
        null,
        null,
        null,
        1,
        104,
        56,
        null,
        48,
        null,
        null,
        null,
        1,
        104,
        56,
        null,
        null,
        null,
        null
      ],
      "/Users/marinacorona/Turing/3Module/super-coders/app/models/admin_user.rb": [
        1,
        null,
        null,
        1,
        null,
        null
      ],
      "/Users/marinacorona/Turing/3Module/super-coders/app/admin/admin_user.rb": [
        1,
        1,
        null,
        1,
        0,
        0,
        0,
        0,
        0,
        0,
        0,
        null,
        null,
        1,
        1,
        1,
        1,
        null,
        1,
        0,
        0,
        0,
        0,
        null,
        0,
        null,
        null,
        null
      ],
      "/Users/marinacorona/Turing/3Module/super-coders/app/admin/dashboard.rb": [
        1,
        null,
        1,
        null,
        1,
        0,
        0,
        0,
        0,
        null,
        null,
        null,
        null,
        null,
        null,
        null,
        null,
        null,
        null,
        null,
        null,
        null,
        null,
        null,
        null,
        null,
        null,
        null,
        null,
        null,
        null,
        null,
        null
      ],
      "/Users/marinacorona/Turing/3Module/super-coders/app/models/role.rb": [
        1,
        null
      ],
      "/Users/marinacorona/Turing/3Module/super-coders/app/models/user_role.rb": [
        1,
        1,
        1,
        null
      ],
      "/Users/marinacorona/Turing/3Module/super-coders/app/models/user.rb": [
        1,
        1,
        1,
        1,
        1,
        1,
        null,
        1,
        1,
        1,
        null,
        null,
        1,
        null,
        null,
        1,
        null,
        null,
        1,
        159,
        null,
        null,
        1,
        115,
        null,
        null,
        1,
        170,
        null,
        null,
        null
      ],
      "/Users/marinacorona/Turing/3Module/super-coders/app/models/city.rb": [
        1,
        1,
        null,
        1,
        1,
        1,
        null,
        1,
        null,
        1,
        36,
        null,
        null,
        1,
        18,
        null,
        null,
        1,
        48,
        null,
        null
      ],
      "/Users/marinacorona/Turing/3Module/super-coders/app/models/home.rb": [
        1,
        1,
        1,
        1,
        1,
        1,
        1,
        null,
        1,
        1,
        1,
        null,
        null
      ],
      "/Users/marinacorona/Turing/3Module/super-coders/app/controllers/welcome_controller.rb": [
        1,
        1,
        26,
        null,
        null
      ],
      "/Users/marinacorona/Turing/3Module/super-coders/app/models/cart.rb": [
        1,
        1,
        null,
        1,
        138,
        null,
        null,
        1,
        104,
        null,
        null,
        1,
        0,
        0,
        null,
        null,
        1,
        0,
        null,
        null,
        1,
        0,
        null,
        null,
        1,
        0,
        null,
        null,
        null
      ],
      "/Users/marinacorona/Turing/3Module/super-coders/app/services/permissions_service.rb": [
        1,
        1,
        null,
        1,
        null,
        null,
        null,
        null,
        1,
        138,
        138,
        138,
        null,
        null,
        1,
        null,
        34,
        16,
        22,
        null,
        66,
        138,
        null,
        null,
        1,
        null,
        1,
        34,
        34,
        34,
        34,
        null,
        34,
        34,
        15,
        15,
        0,
        null,
        null,
        1,
        16,
        16,
        15,
        15,
        null,
        15,
        15,
        11,
        11,
        0,
        null,
        null,
        1,
        22,
        22,
        22,
        22,
        null,
        22,
        22,
        19,
        4,
        4,
        4,
        2,
        0,
        null,
        null,
        1,
        66,
        66,
        66,
        66,
        null,
        null,
        66,
        40,
        38,
        36,
        35,
        35,
        18,
        1,
        null,
        null,
        1,
        1046,
        null,
        null,
        1,
        131,
        null,
        null,
        1,
        330,
        null,
        null
      ],
      "/Users/marinacorona/Turing/3Module/super-coders/app/controllers/sessions_controller.rb": [
        1,
        1,
        null,
        null,
        1,
        17,
        17,
        16,
        16,
        null,
        16,
        null,
        16,
        0,
        16,
        16,
        null,
        0,
        null,
        null,
        null,
        1,
        1,
        null,
        null,
        null,
        1,
        3,
        3,
        null,
        null
      ],
      "/Users/marinacorona/Turing/3Module/super-coders/app/controllers/users_controller.rb": [
        1,
        1,
        2,
        null,
        null,
        1,
        3,
        3,
        null,
        null,
        1,
        3,
        3,
        2,
        null,
        1,
        null,
        3,
        null,
        null,
        1,
        2,
        2,
        1,
        1,
        1,
        1,
        1,
        1,
        1,
        1,
        1,
        1,
        1,
        null,
        0,
        0,
        null,
        null,
        null,
        1,
        27,
        93,
        27,
        8,
        8,
        null,
        null,
        null,
        1,
        1,
        1,
        1,
        null,
        null,
        1,
        5,
        null,
        null,
        1,
        null,
        1,
        5,
        null,
        null,
        1,
        8,
        8,
        12,
        4,
        null,
        null,
        null,
        null
      ],
      "/Users/marinacorona/Turing/3Module/super-coders/app/controllers/trips_controller.rb": [
        1,
        null,
        1,
        1,
        0,
        null,
        1,
        null,
        null,
        null,
        1,
        0,
        0,
        null,
        0,
        0,
        0,
        null,
        null,
        null
      ],
      "/Users/marinacorona/Turing/3Module/super-coders/app/models/trip.rb": [
        1,
        1,
        1,
        null,
        1,
        0,
        null,
        null
      ],
      "/Users/marinacorona/Turing/3Module/super-coders/app/controllers/cities_controller.rb": [
        1,
        1,
        2,
        null,
        null
      ],
      "/Users/marinacorona/Turing/3Module/super-coders/app/controllers/homes_controller.rb": [
        1,
        null,
        1,
        2,
        null,
        null,
        1,
        2,
        2,
        2,
        2,
        2,
        2,
        2,
        2,
        null,
        null,
        null,
        1,
        9,
        9,
        9,
        9,
        3,
        null,
        null,
        null,
        1,
        5,
        5,
        null,
        null,
        1,
        6,
        6,
        6,
        6,
        6,
        null,
        0,
        null,
        null,
        null,
        1,
        4,
        8,
        null,
        null,
        1,
        null,
        1,
        8,
        null,
        null
      ],
      "/Users/marinacorona/Turing/3Module/super-coders/app/models/reservation.rb": [
        1,
        1,
        1,
        1,
        null,
        1,
        0,
        null,
        null,
        1,
        0,
        null,
        null
      ],
      "/Users/marinacorona/Turing/3Module/super-coders/app/controllers/api/v1/carts_controller.rb": [
        0,
        0,
        0,
        0,
        0,
        0,
        0,
        0,
        0,
        0,
        0,
        0,
        0,
        0,
        0,
        0,
        0,
        0,
        0,
        0,
        0,
        0,
        0,
        0,
        0,
        0,
        0,
        0,
        0,
        0,
        0,
        0,
        0,
        0,
        0,
        0,
        0,
        0,
        0,
        0,
        0,
        0
      ],
      "/Users/marinacorona/Turing/3Module/super-coders/app/controllers/carts_controller.rb": [
        0,
        0,
        0,
        0,
        0,
        0,
        0,
        0,
        0,
        0,
        0,
        0,
        0,
        0,
        0
      ],
      "/Users/marinacorona/Turing/3Module/super-coders/app/models/day.rb": [
        0,
        0,
        0,
        0,
        0,
        0,
        0,
        0,
        0,
        0,
        0,
        0
      ],
      "/Users/marinacorona/Turing/3Module/super-coders/app/models/reservation_processor.rb": [
        0,
        0,
        0,
        0,
        0,
        0,
        0,
        0,
        0,
        0,
        0,
        0,
        0,
        0,
        0,
        0,
        0,
        0,
        0,
        0,
        0,
        0,
        0,
        0,
        0,
        0,
        0,
        0,
        0,
        0,
        0,
        0,
        0,
        0,
        0,
        0,
        0,
        0,
        0,
        0,
        0,
        0,
        0,
        0,
        0
      ]
    },
    "timestamp": 1472240087
  }
}
