{
  "RSpec": {
    "coverage": {
      "/Users/admirdraganovic/turing/3module/the_pivot/app/helpers/application_helper.rb": [
        1,
        null,
        1,
        132,
        75,
        null,
        57,
        null,
        null,
        null,
        1,
        132,
        75,
        null,
        57,
        null,
        null,
        null,
        1,
        132,
        75,
        null,
        null,
        null,
        null
      ],
      "/Users/admirdraganovic/turing/3module/the_pivot/app/models/role.rb": [
        1,
        null
      ],
      "/Users/admirdraganovic/turing/3module/the_pivot/app/models/user_role.rb": [
        1,
        1,
        1,
        null
      ],
      "/Users/admirdraganovic/turing/3module/the_pivot/app/models/user.rb": [
        1,
        1,
        1,
        1,
        1,
        1,
        null,
        1,
        1,
        1,
        null,
        null,
        1,
        null,
        null,
        1,
        null,
        null,
        1,
        201,
        null,
        null,
        1,
        156,
        null,
        null,
        1,
        210,
        null,
        null,
        1,
        null,
        null,
        null,
        null,
        null,
        null,
        null,
        null,
        null
      ],
      "/Users/admirdraganovic/turing/3module/the_pivot/app/models/city.rb": [
        1,
        1,
        null,
        1,
        1,
        1,
        null,
        1,
        null,
        1,
        70,
        null,
        null,
        1,
        18,
        null,
        null,
        1,
        72,
        null,
        null
      ],
      "/Users/admirdraganovic/turing/3module/the_pivot/app/models/home.rb": [
        1,
        1,
        1,
        1,
        1,
        1,
        1,
        null,
        1,
        1,
        1,
        null,
        null
      ],
      "/Users/admirdraganovic/turing/3module/the_pivot/app/controllers/welcome_controller.rb": [
        1,
        1,
        26,
        null,
        null
      ],
      "/Users/admirdraganovic/turing/3module/the_pivot/app/controllers/application_controller.rb": [
        1,
        null,
        1,
        1,
        1,
        null,
        1,
        1,
        1,
        1,
        null,
        1,
        844,
        null,
        null,
        1,
        177,
        null,
        null,
        1,
        210,
        null,
        null,
        1,
        177,
        1,
        null,
        null,
        null,
        null
      ],
      "/Users/admirdraganovic/turing/3module/the_pivot/lib/application_responder.rb": [
        1,
        1,
        1,
        null,
        null,
        null,
        null,
        null
      ],
      "/Users/admirdraganovic/turing/3module/the_pivot/app/models/cart.rb": [
        1,
        1,
        null,
        1,
        177,
        null,
        null,
        1,
        132,
        null,
        null,
        1,
        7,
        7,
        null,
        null,
        1,
        1,
        null,
        null,
        1,
        20,
        null,
        null,
        1,
        7,
        null,
        null,
        null
      ],
      "/Users/admirdraganovic/turing/3module/the_pivot/app/services/permissions_service.rb": [
        1,
        1,
        null,
        1,
        null,
        null,
        null,
        null,
        1,
        177,
        177,
        177,
        null,
        null,
        1,
        null,
        33,
        16,
        25,
        null,
        103,
        177,
        null,
        null,
        1,
        null,
        1,
        33,
        33,
        33,
        33,
        null,
        33,
        33,
        14,
        14,
        0,
        null,
        null,
        1,
        16,
        16,
        15,
        15,
        null,
        15,
        15,
        11,
        11,
        0,
        null,
        null,
        1,
        25,
        23,
        23,
        23,
        null,
        23,
        23,
        20,
        4,
        4,
        4,
        2,
        0,
        null,
        null,
        1,
        103,
        94,
        92,
        92,
        null,
        null,
        85,
        59,
        55,
        46,
        38,
        38,
        19,
        1,
        null,
        null,
        1,
        1236,
        null,
        null,
        1,
        151,
        null,
        null,
        1,
        449,
        null,
        null
      ],
      "/Users/admirdraganovic/turing/3module/the_pivot/app/controllers/sessions_controller.rb": [
        1,
        1,
        null,
        null,
        1,
        18,
        18,
        17,
        17,
        null,
        17,
        null,
        17,
        1,
        16,
        16,
        null,
        0,
        null,
        null,
        null,
        1,
        1,
        null,
        null,
        null,
        1,
        3,
        3,
        null,
        null
      ],
      "/Users/admirdraganovic/turing/3module/the_pivot/app/controllers/users_controller.rb": [
        1,
        1,
        3,
        null,
        null,
        1,
        3,
        null,
        null,
        1,
        3,
        3,
        2,
        null,
        1,
        null,
        3,
        null,
        null,
        1,
        3,
        3,
        1,
        1,
        1,
        1,
        1,
        1,
        2,
        2,
        2,
        2,
        2,
        null,
        0,
        0,
        null,
        null,
        null,
        1,
        28,
        99,
        28,
        8,
        8,
        null,
        null,
        null,
        1,
        1,
        1,
        1,
        null,
        null,
        1,
        4,
        null,
        null,
        1,
        null,
        1,
        6,
        null,
        null,
        1,
        8,
        8,
        12,
        4,
        null,
        null,
        null,
        null
      ],
      "/Users/admirdraganovic/turing/3module/the_pivot/app/controllers/trips_controller.rb": [
        1,
        null,
        1,
        2,
        0,
        null,
        2,
        null,
        null,
        null,
        1,
        1,
        1,
        null,
        1,
        1,
        1,
        null,
        null,
        null
      ],
      "/Users/admirdraganovic/turing/3module/the_pivot/app/models/trip.rb": [
        1,
        1,
        1,
        null,
        1,
        1,
        null,
        null
      ],
      "/Users/admirdraganovic/turing/3module/the_pivot/app/controllers/cities_controller.rb": [
        1,
        1,
        9,
        null,
        null
      ],
      "/Users/admirdraganovic/turing/3module/the_pivot/app/controllers/homes_controller.rb": [
        1,
        null,
        1,
        2,
        null,
        null,
        1,
        2,
        2,
        2,
        2,
        2,
        2,
        2,
        2,
        null,
        null,
        null,
        1,
        16,
        16,
        16,
        16,
        3,
        null,
        null,
        null,
        1,
        5,
        5,
        null,
        null,
        1,
        6,
        6,
        6,
        6,
        6,
        null,
        0,
        null,
        null,
        null,
        1,
        4,
        8,
        null,
        null,
        1,
        null,
        1,
        8,
        null,
        null
      ],
      "/Users/admirdraganovic/turing/3module/the_pivot/app/models/reservation.rb": [
        1,
        1,
        1,
        1,
        null,
        1,
        0,
        null,
        null,
        1,
        1,
        null,
        null
      ],
      "/Users/admirdraganovic/turing/3module/the_pivot/app/controllers/api/v1/carts_controller.rb": [
        1,
        1,
        null,
        1,
        7,
        7,
        0,
        null,
        0,
        0,
        null,
        7,
        7,
        7,
        null,
        7,
        7,
        null,
        null,
        1,
        35,
        null,
        null,
        1,
        null,
        null,
        null,
        null,
        null,
        null,
        null,
        7,
        null,
        null,
        1,
        null,
        1,
        7,
        7,
        null,
        null,
        null
      ],
      "/Users/admirdraganovic/turing/3module/the_pivot/app/models/day.rb": [
        1,
        1,
        1,
        null,
        1,
        null,
        1,
        1,
        1,
        null,
        null,
        null
      ],
      "/Users/admirdraganovic/turing/3module/the_pivot/app/controllers/carts_controller.rb": [
        1,
        1,
        null,
        1,
        10,
        null,
        null,
        1,
        1,
        1,
        1,
        1,
        null,
        null,
        null
      ],
      "/Users/admirdraganovic/turing/3module/the_pivot/app/models/reservation_processor.rb": [
        1,
        null,
        1,
        1,
        1,
        null,
        null,
        1,
        1,
        1,
        1,
        null,
        null,
        1,
        1,
        1,
        1,
        null,
        null,
        null,
        1,
        1,
        1,
        null,
        null,
        null,
        null,
        null,
        null,
        null,
        null,
        1,
        1,
        1,
        null,
        0,
        0,
        0,
        0,
        null,
        null,
        1,
        null,
        null,
        null
      ]
    },
    "timestamp": 1463677082
  }
}
